0 info it worked if it ends with ok
1 verbose cli [ '/home/umut/.nvm/v0.10.26/bin/node',
1 verbose cli   '/home/umut/.nvm/v0.10.26/bin/npm',
1 verbose cli   'i',
1 verbose cli   '--save',
1 verbose cli   '@babel/parser' ]
2 info using npm@1.4.3
3 info using node@v0.10.26
4 warn package.json fookie-cloud-serverless@1.0.0 No repository field.
5 warn package.json setimmediate@1.0.5 No README data
6 warn package.json buffer@4.9.2 buffer is also the name of a node core module.
7 warn package.json cli-progress-footer@1.1.1 No repository field.
8 warn package.json dotenv-expand@5.1.0 No repository field.
9 warn package.json events@1.1.1 events is also the name of a node core module.
10 warn package.json fookie@0.6.0 scripts['server'] should probably be scripts['start'].
11 warn package.json has-binary2@1.0.3 No repository field.
12 warn package.json indexof@0.0.1 No repository field.
13 warn package.json punycode@1.4.1 punycode is also the name of a node core module.
14 warn package.json querystring@0.2.1 querystring is also the name of a node core module.
15 warn package.json string_decoder@1.3.0 string_decoder is also the name of a node core module.
16 warn package.json url@0.10.3 url is also the name of a node core module.
17 verbose readDependencies using package.json deps
18 verbose cache add [ '@babel/parser', null ]
19 verbose cache add name=undefined spec="@babel/parser" args=["@babel/parser",null]
20 verbose parsed url { protocol: null,
20 verbose parsed url   slashes: null,
20 verbose parsed url   auth: null,
20 verbose parsed url   host: null,
20 verbose parsed url   port: null,
20 verbose parsed url   hostname: null,
20 verbose parsed url   hash: null,
20 verbose parsed url   search: null,
20 verbose parsed url   query: null,
20 verbose parsed url   pathname: '@babel/parser',
20 verbose parsed url   path: '@babel/parser',
20 verbose parsed url   href: '@babel/parser' }
21 verbose cache add name="" spec="babel/parser" args=["","babel/parser"]
22 verbose parsed url { protocol: null,
22 verbose parsed url   slashes: null,
22 verbose parsed url   auth: null,
22 verbose parsed url   host: null,
22 verbose parsed url   port: null,
22 verbose parsed url   hostname: null,
22 verbose parsed url   hash: null,
22 verbose parsed url   search: null,
22 verbose parsed url   query: null,
22 verbose parsed url   pathname: 'babel/parser',
22 verbose parsed url   path: 'babel/parser',
22 verbose parsed url   href: 'babel/parser' }
23 silly lockFile 3c4c5aec-babel-parser babel/parser
24 verbose lock babel/parser /home/umut/.npm/3c4c5aec-babel-parser.lock
25 info maybeGithub Attempting babel/parser from git://github.com/babel/parser
26 silly lockFile 4e3bb664-git-github-com-babel-parser git://github.com/babel/parser
27 verbose lock git://github.com/babel/parser /home/umut/.npm/4e3bb664-git-github-com-babel-parser.lock
28 verbose addRemoteGit [ 'git://github.com/babel/parser', 'master' ]
29 verbose git clone git://github.com/babel/parser '/home/umut/.npm/_git-remotes/git-github-com-babel-parser-4e3bb664' çıplak deposuna klonlanıyor...
29 verbose git clone git://github.com/babel/parser fatal: uzak konum hatası:
29 verbose git clone git://github.com/babel/parser   Repository not found.
30 silly lockFile 4e3bb664-git-github-com-babel-parser git://github.com/babel/parser
31 silly lockFile 4e3bb664-git-github-com-babel-parser git://github.com/babel/parser
32 info maybeGithub Attempting babel/parser from git+ssh://git@github.com:babel/parser
33 silly lockFile 1b5c0cb5-git-github-com-babel-parser git@github.com:babel/parser
34 verbose lock git@github.com:babel/parser /home/umut/.npm/1b5c0cb5-git-github-com-babel-parser.lock
35 verbose addRemoteGit [ 'git@github.com:babel/parser', 'master' ]
36 error git clone git@github.com:babel/parser '/home/umut/.npm/_git-remotes/git-github-com-babel-parser-1b5c0cb5' çıplak deposuna klonlanıyor...
36 error git clone git@github.com:babel/parser Warning: Permanently added 'github.com,140.82.121.4' (RSA) to the list of known hosts.
36 error git clone git@github.com:babel/parser git@github.com: Permission denied (publickey).
36 error git clone git@github.com:babel/parser fatal: Uzak konum deposu okunamadı.
36 error git clone git@github.com:babel/parser
36 error git clone git@github.com:babel/parser Lütfen doğru erişim haklarına iye olduğunuzdan ve
36 error git clone git@github.com:babel/parser deponun var olduğundan emin olun.
37 silly lockFile 1b5c0cb5-git-github-com-babel-parser git@github.com:babel/parser
38 silly lockFile 1b5c0cb5-git-github-com-babel-parser git@github.com:babel/parser
39 silly lockFile 3c4c5aec-babel-parser babel/parser
40 silly lockFile 3c4c5aec-babel-parser babel/parser
41 error addLocal Could not install babel/parser
42 error Error: ENOENT, stat 'babel/parser'
43 error If you need help, you may report this *entire* log,
43 error including the npm and node versions, at:
43 error     <http://github.com/npm/npm/issues>
44 error System Linux 5.11.0-25-generic
45 error command "/home/umut/.nvm/v0.10.26/bin/node" "/home/umut/.nvm/v0.10.26/bin/npm" "i" "--save" "@babel/parser"
46 error cwd /home/umut/FookieJS/fookie-cloud/fookie-cloud
47 error node -v v0.10.26
48 error npm -v 1.4.3
49 error path babel/parser
50 error code ENOENT
51 error errno 34
52 verbose exit [ 34, true ]
